<?xml version="1.0" encoding="UTF-8"?>
<!-- Generated by org.testng.reporters.JUnitReportReporter -->
<testsuite skipped="0" hostname="DESKTOP-2QEPC1C" name="testPage.TestHomepage" tests="3" failures="0" timestamp="11 Mar 2020 04:08:21 GMT" time="0.500" errors="0">
  <testcase name="verifydreesIsDisplay" time="0.067" classname="testPage.TestHomepage"/>
  <testcase name="verifyTshirtIsDisplay" time="0.367" classname="testPage.TestHomepage"/>
  <testcase name="verifywomenIsDisplay" time="0.066" classname="testPage.TestHomepage"/>
</testsuite> <!-- testPage.TestHomepage -->
