<?xml version="1.0" encoding="UTF-8"?>
<!-- Generated by org.testng.reporters.JUnitReportReporter -->
<testsuite skipped="0" hostname="DESKTOP-2QEPC1C" name="testPage.testDressTag" tests="4" failures="0" timestamp="15 Mar 2020 04:50:34 GMT" time="19.011" errors="0">
  <testcase name="verifyDressTag" time="8.056" classname="testPage.testDressTag"/>
  <testcase name="verifyProductCount" time="1.560" classname="testPage.testDressTag"/>
  <testcase name="verifyAddtoCart" time="5.670" classname="testPage.testDressTag"/>
  <testcase name="verifyEmailSuscription" time="3.725" classname="testPage.testDressTag"/>
</testsuite> <!-- testPage.testDressTag -->
